<?xml version="1.0" encoding="UTF-8"?>
<!-- Generated by org.testng.reporters.JUnitReportReporter -->
<testsuite hostname="DESKTOP-AAKVEUT" failures="0" tests="2" name="TestClasses.TestNG_BeforeClassAnootations" time="0.007" errors="0" timestamp="2024-07-15T14:51:19 IST" skipped="0">
  <testcase classname="TestClasses.TestNG_BeforeClassAnootations" name="testMethod1" time="0.006"/>
  <testcase classname="TestClasses.TestNG_BeforeClassAnootations" name="testMethod2" time="0.001"/>
</testsuite> <!-- TestClasses.TestNG_BeforeClassAnootations -->
